<!DOCTYPE html PUBLIC "-//W3C//DTD XHTML 1.1//EN" "https://www.w3.org/TR/xhtml11/DTD/xhtml11.dtd">
<html xmlns="https://www.w3.org/1999/xhtml">
<head>
<meta charset='utf-8'>
<title>TestNG Report</title>
<style type="text/css">
table {margin-bottom:10px;border-collapse:collapse;empty-cells:show}
td,th {border:1px solid #009;padding:.25em .5em}
.result th {vertical-align:bottom}
.param th {padding-left:1em;padding-right:1em}
.param td {padding-left:.5em;padding-right:2em}
.stripe td,.stripe th {background-color: #E6EBF9}
.numi,.numi_attn {text-align:right}
.total td {font-weight:bold}
.passedodd td {background-color: #0A0}
.passedeven td {background-color: #3F3}
.skippedodd td {background-color: #CCC}
.skippedodd td {background-color: #DDD}
.failedodd td,.numi_attn {background-color: #F33}
.failedeven td,.stripe .numi_attn {background-color: #D00}
.stacktrace {white-space:pre;font-family:monospace}
.totop {font-size:85%;text-align:center;border-bottom:2px solid #000}
</style>
</head>
<body>
<table cellspacing="0" cellpadding="0" class="testOverview">
<tr><th>Test</th><th>Methods<br/>Passed</th><th>Scenarios<br/>Passed</th><th># skipped</th><th># failed</th><th>Total<br/>Time</th><th>Included<br/>Groups</th><th>Excluded<br/>Groups</th></tr>
<tr><td style="text-align:left;padding-right:2em"><a href="#t1">Test</a></td><td class="numi">21</td><td class="numi">21</td><td class="numi_attn">1</td><td class="numi_attn">6</td><td class="numi">71,9 seconds</td><td class="numi"></td><td class="numi"></td></tr>
</table>
<table cellspacing="0" cellpadding="0" class="methodOverview" id="summary">
<tr><th>Class</th><th>Method</th><th># of<br/>Scenarios</th><th>Start</th><th>Time<br/>(ms)</th></tr>
<tr id="t1"><th colspan="5">Test &#8212; failed</th></tr>
<tr class="failedodd"><td>cw.tests.Day14.C08_HardSoftAssertions</td><td><a href="#m1"><b>soft</b>  </a></td><td class="numi">1</td><td>1683745370098</td><td class="numi">201</td></tr>
<tr class="failedeven"><td>cw.tests.Day14.C05_TimeOut</td><td><a href="#m2"><b>timedOutTest</b>  </a></td><td class="numi">1</td><td>1683745368729</td><td class="numi">1024</td></tr>
<tr class="failedodd"><td>cw.tests.Day14.C03_DependsOn</td><td><a href="#m3"><b>test03</b>  </a></td><td class="numi">1</td><td>1683745368223</td><td class="numi">2</td></tr>
<tr class="failedeven"><td>cw.tests.Day14.C08_HardSoftAssertions</td><td><a href="#m4"><b>hard</b>  </a></td><td class="numi">1</td><td>1683745369769</td><td class="numi">296</td></tr>
<tr class="failedodd"><td rowspan="2">cw.tests.Day16.C01_Parameters</td><td><a href="#m5"><b>twoParameterTest</b>  </a></td><td class="numi">1</td><td>1683745299610</td><td class="numi">0</td></tr><tr class="failedodd"><td><a href="#m6"><b>paramerizedTest</b>  </a></td><td class="numi">1</td><td>1683745299433</td><td class="numi">0</td></tr>
<tr><th colspan="5">Test &#8212; skipped</th></tr>
<tr class="skippedodd"><td>cw.tests.Day14.C03_DependsOn</td><td><a href="#m7"><b>test02</b>  </a></td><td class="numi">1</td><td>1683745368266</td><td class="numi">1</td></tr>
<tr><th colspan="5">Test &#8212; passed</th></tr>
<tr class="passedodd"><td>cw.tests.Day16.C03_DataProvider</td><td><a href="#m8"><b>test01</b>  </a></td><td class="numi">6</td><td>1683745368301</td><td class="numi">105</td></tr>
<tr class="passedeven"><td>cw.tests.Day14.C05_TimeOut</td><td><a href="#m9"><b>passedTest</b>  </a></td><td class="numi">1</td><td>1683745368525</td><td class="numi">197</td></tr>
<tr class="passedodd"><td>cw.tests.Day14.C06_Description</td><td><a href="#m10"><b>test01</b>  ("This is des")</a></td><td class="numi">1</td><td>1683745369762</td><td class="numi">2</td></tr>
<tr class="passedeven"><td>cw.tests.Day16.C03_DataProvider</td><td><a href="#m11"><b>test01</b>  </a></td><td class="numi">6</td><td>1683745368301</td><td class="numi">105</td></tr>
<tr class="passedodd"><td>cw.tests.Day14.C02_Priority</td><td><a href="#m12"><b>b</b>  </a></td><td class="numi">1</td><td>1683745368463</td><td class="numi">17</td></tr>
<tr class="passedeven"><td>cw.tests.Day14.C01_Annotations</td><td><a href="#m13"><b>test02</b>  </a></td><td class="numi">1</td><td>1683745370562</td><td class="numi">3</td></tr>
<tr class="passedodd"><td>cw.tests.Day15.C01_Groups</td><td><a href="#m14"><b>smokeTest</b> (smoke) </a></td><td class="numi">1</td><td>1683745299308</td><td class="numi">1</td></tr>
<tr class="passedeven"><td rowspan="2">cw.tests.Day16.C03_DataProvider</td><td><a href="#m15"><b>test01</b>  </a></td><td class="numi">6</td><td>1683745368301</td><td class="numi">105</td></tr><tr class="passedeven"><td><a href="#m16"><b>test01</b>  </a></td><td class="numi">6</td><td>1683745368301</td><td class="numi">105</td></tr>
<tr class="passedodd"><td>cw.tests.Day14.C03_DependsOn</td><td><a href="#m17"><b>test01</b>  </a></td><td class="numi">1</td><td>1683745368209</td><td class="numi">2</td></tr>
<tr class="passedeven"><td>cw.tests.Day16.C02_ParametersUsage</td><td><a href="#m18"><b>test01</b>  </a></td><td class="numi">1</td><td>1683745333995</td><td class="numi">34198</td></tr>
<tr class="passedodd"><td>cw.tests.Day14.C04_Enabled</td><td><a href="#m19"><b>enabledTest</b>  </a></td><td class="numi">1</td><td>1683745299633</td><td class="numi">7</td></tr>
<tr class="passedeven"><td rowspan="2">cw.tests.Day14.C02_Priority</td><td><a href="#m20"><b>a</b>  </a></td><td class="numi">1</td><td>1683745368494</td><td class="numi">3</td></tr><tr class="passedeven"><td><a href="#m21"><b>c</b>  </a></td><td class="numi">1</td><td>1683745368514</td><td class="numi">3</td></tr>
<tr class="passedodd"><td>cw.tests.Day15.C01_Groups</td><td><a href="#m22"><b>smokeRegressionTest</b> (regression, smoke) </a></td><td class="numi">1</td><td>1683745299269</td><td class="numi">4</td></tr>
<tr class="passedeven"><td>cw.tests.Day14.C07_Assertions</td><td><a href="#m23"><b>assertEquals</b>  </a></td><td class="numi">1</td><td>1683745299177</td><td class="numi">19</td></tr>
<tr class="passedodd"><td>cw.tests.Day14.C03_DependsOn</td><td><a href="#m24"><b>test04</b>  </a></td><td class="numi">1</td><td>1683745368274</td><td class="numi">7</td></tr>
<tr class="passedeven"><td>cw.tests.Day16.C03_DataProvider</td><td><a href="#m25"><b>test01</b>  </a></td><td class="numi">6</td><td>1683745368301</td><td class="numi">105</td></tr>
<tr class="passedodd"><td>cw.tests.Day14.C01_Annotations</td><td><a href="#m26"><b>test01</b>  </a></td><td class="numi">1</td><td>1683745370392</td><td class="numi">1</td></tr>
<tr class="passedeven"><td>cw.tests.Day16.C03_DataProvider</td><td><a href="#m27"><b>test01</b>  </a></td><td class="numi">6</td><td>1683745368301</td><td class="numi">105</td></tr>
<tr class="passedodd"><td>cw.tests.Day15.C01_Groups</td><td><a href="#m28"><b>regressionTest</b> (regression) </a></td><td class="numi">1</td><td>1683745299234</td><td class="numi">4</td></tr>
</table>
<h1>Test</h1>
<h2 id="m1">cw.tests.Day16.C01_Parameters:paramerizedTest</h2>
<div>
<div class="stacktrace">org.testng.TestNGException: 
Parameter &apos;isim&apos; is required by @Test on method paramerizedTest but has not been marked @Optional or defined
in /Users/nev/IdeaProjects/TestNgSelenium/13_Listener.xml
	at java.base/java.util.ArrayList.forEach(ArrayList.java:1541)
	at com.intellij.rt.testng.IDEARemoteTestNG.run(IDEARemoteTestNG.java:66)
	at com.intellij.rt.testng.RemoteTestNGStarter.main(RemoteTestNGStarter.java:109)
... Removed 23 stack frames</div>
</div>
<p class="totop"><a href="#summary">back to summary</a></p>
<h2 id="m2">cw.tests.Day14.C08_HardSoftAssertions:hard</h2>
<div>
<div class="stacktrace">java.lang.AssertionError: expected [2] but found [1]
	at cw.tests.Day14.C08_HardSoftAssertions.hard(C08_HardSoftAssertions.java:20)
	at java.base/java.util.ArrayList.forEach(ArrayList.java:1541)
	at com.intellij.rt.testng.IDEARemoteTestNG.run(IDEARemoteTestNG.java:66)
	at com.intellij.rt.testng.RemoteTestNGStarter.main(RemoteTestNGStarter.java:109)
... Removed 31 stack frames</div>
</div>
<p class="totop"><a href="#summary">back to summary</a></p>
<h2 id="m3">cw.tests.Day14.C03_DependsOn:test03</h2>
<div>
<div class="stacktrace">java.lang.AssertionError: null
	at cw.tests.Day14.C03_DependsOn.test03(C03_DependsOn.java:26)
	at java.base/java.util.ArrayList.forEach(ArrayList.java:1541)
	at com.intellij.rt.testng.IDEARemoteTestNG.run(IDEARemoteTestNG.java:66)
	at com.intellij.rt.testng.RemoteTestNGStarter.main(RemoteTestNGStarter.java:109)
... Removed 26 stack frames</div>
</div>
<p class="totop"><a href="#summary">back to summary</a></p>
<h2 id="m4">cw.tests.Day16.C01_Parameters:twoParameterTest</h2>
<div>
<div class="stacktrace">org.testng.TestNGException: 
Parameter &apos;isim&apos; is required by @Test on method twoParameterTest but has not been marked @Optional or defined
in /Users/nev/IdeaProjects/TestNgSelenium/13_Listener.xml
	at java.base/java.util.ArrayList.forEach(ArrayList.java:1541)
	at com.intellij.rt.testng.IDEARemoteTestNG.run(IDEARemoteTestNG.java:66)
	at com.intellij.rt.testng.RemoteTestNGStarter.main(RemoteTestNGStarter.java:109)
... Removed 23 stack frames</div>
</div>
<p class="totop"><a href="#summary">back to summary</a></p>
<h2 id="m5">cw.tests.Day14.C08_HardSoftAssertions:soft</h2>
<div>
<div class="stacktrace">java.lang.AssertionError: The following asserts failed:
	expected [2] but found [1],
	expected [3] but found [2]
	at cw.tests.Day14.C08_HardSoftAssertions.soft(C08_HardSoftAssertions.java:40)
	at java.base/java.util.ArrayList.forEach(ArrayList.java:1541)
	at com.intellij.rt.testng.IDEARemoteTestNG.run(IDEARemoteTestNG.java:66)
	at com.intellij.rt.testng.RemoteTestNGStarter.main(RemoteTestNGStarter.java:109)
... Removed 26 stack frames</div>
</div>
<p class="totop"><a href="#summary">back to summary</a></p>
<h2 id="m6">cw.tests.Day14.C05_TimeOut:timedOutTest</h2>
<div>
<div class="stacktrace">org.testng.internal.thread.ThreadTimeoutException: Method cw.tests.Day14.C05_TimeOut.timedOutTest() didn&apos;t finish within the time-out 1000
	at java.base@11.0.16.1/java.lang.Thread.sleep(Native Method)
	at app//cw.tests.Day14.C05_TimeOut.timedOutTest(C05_TimeOut.java:20)
	at java.base@11.0.16.1/java.util.concurrent.FutureTask.run(FutureTask.java:264)
	at java.base@11.0.16.1/java.util.concurrent.ThreadPoolExecutor.runWorker(ThreadPoolExecutor.java:1128)
	at java.base@11.0.16.1/java.util.concurrent.ThreadPoolExecutor$Worker.run(ThreadPoolExecutor.java:628)
	at java.base@11.0.16.1/java.lang.Thread.run(Thread.java:829)
... Removed 8 stack frames</div>
</div>
<p class="totop"><a href="#summary">back to summary</a></p>
<h2 id="m7">cw.tests.Day14.C03_DependsOn:test02</h2>
<div>
<div class="stacktrace">java.lang.Throwable: Method cw.tests.Day14.C03_DependsOn.test02() on instance cw.tests.Day14.C03_DependsOn@10163d6 depends on not successfully finished methods 
[cw.tests.Day14.C03_DependsOn.test03() on instance cw.tests.Day14.C03_DependsOn@10163d6
cw.tests.Day14.C03_DependsOn.test01() on instance cw.tests.Day14.C03_DependsOn@10163d6]
	at java.base/java.util.ArrayList.forEach(ArrayList.java:1541)
	at com.intellij.rt.testng.IDEARemoteTestNG.run(IDEARemoteTestNG.java:66)
	at com.intellij.rt.testng.RemoteTestNGStarter.main(RemoteTestNGStarter.java:109)
... Removed 15 stack frames</div>
</div>
<p class="totop"><a href="#summary">back to summary</a></p>
<h2 id="m8">cw.tests.Day16.C03_DataProvider:test01</h2>
<table cellspacing="0" cellpadding="0" class="result">
<tr class="param"><th>Parameter #1</th><th>Parameter #2</th><th>Parameter #3</th></tr>
<tr class="param stripe"><td>karl@gmail.com</td>
<td>Aa1.</td>
<td>6 harften kisa</td>
</tr>
</table>
<p class="totop"><a href="#summary">back to summary</a></p>
<h2 id="m9">cw.tests.Day14.C05_TimeOut:passedTest</h2>
<p class="totop"><a href="#summary">back to summary</a></p>
<h2 id="m10">cw.tests.Day14.C06_Description:test01</h2>
<p class="totop"><a href="#summary">back to summary</a></p>
<h2 id="m11">cw.tests.Day16.C03_DataProvider:test01</h2>
<table cellspacing="0" cellpadding="0" class="result">
<tr class="param"><th>Parameter #1</th><th>Parameter #2</th><th>Parameter #3</th></tr>
<tr class="param stripe"><td>karl@gmail.com</td>
<td>aaaaa1.</td>
<td>Buyuk harf yok</td>
</tr>
</table>
<p class="totop"><a href="#summary">back to summary</a></p>
<h2 id="m12">cw.tests.Day14.C02_Priority:b</h2>
<p class="totop"><a href="#summary">back to summary</a></p>
<h2 id="m13">cw.tests.Day14.C07_Assertions:assertEquals</h2>
<p class="totop"><a href="#summary">back to summary</a></p>
<h2 id="m14">cw.tests.Day14.C03_DependsOn:test04</h2>
<p class="totop"><a href="#summary">back to summary</a></p>
<h2 id="m15">cw.tests.Day14.C01_Annotations:test02</h2>
<p class="totop"><a href="#summary">back to summary</a></p>
<h2 id="m16">cw.tests.Day16.C03_DataProvider:test01</h2>
<table cellspacing="0" cellpadding="0" class="result">
<tr class="param"><th>Parameter #1</th><th>Parameter #2</th><th>Parameter #3</th></tr>
<tr class="param stripe"><td>karl@gmail.com</td>
<td>Aaaaaa.</td>
<td>Sayi yok</td>
</tr>
</table>
<p class="totop"><a href="#summary">back to summary</a></p>
<h2 id="m17">cw.tests.Day15.C01_Groups:smokeTest</h2>
<p class="totop"><a href="#summary">back to summary</a></p>
<h2 id="m18">cw.tests.Day16.C03_DataProvider:test01</h2>
<table cellspacing="0" cellpadding="0" class="result">
<tr class="param"><th>Parameter #1</th><th>Parameter #2</th><th>Parameter #3</th></tr>
<tr class="param stripe"><td>karl@gmail.com</td>
<td>Aa1.skjdhfgsdkhjfdksjhfkdsjhfkdjshfksdhj</td>
<td>20 harften uzun</td>
</tr>
</table>
<p class="totop"><a href="#summary">back to summary</a></p>
<h2 id="m19">cw.tests.Day14.C01_Annotations:test01</h2>
<p class="totop"><a href="#summary">back to summary</a></p>
<h2 id="m20">cw.tests.Day16.C03_DataProvider:test01</h2>
<table cellspacing="0" cellpadding="0" class="result">
<tr class="param"><th>Parameter #1</th><th>Parameter #2</th><th>Parameter #3</th></tr>
<tr class="param stripe"><td>karl@gmail.com</td>
<td>AAAAA1.</td>
<td>Kucuk harf yok</td>
</tr>
</table>
<p class="totop"><a href="#summary">back to summary</a></p>
<h2 id="m21">cw.tests.Day14.C03_DependsOn:test01</h2>
<p class="totop"><a href="#summary">back to summary</a></p>
<h2 id="m22">cw.tests.Day16.C02_ParametersUsage:test01</h2>
<p class="totop"><a href="#summary">back to summary</a></p>
<h2 id="m23">cw.tests.Day16.C03_DataProvider:test01</h2>
<table cellspacing="0" cellpadding="0" class="result">
<tr class="param"><th>Parameter #1</th><th>Parameter #2</th><th>Parameter #3</th></tr>
<tr class="param stripe"><td>karl@gmail.com</td>
<td>Aa1aaaaa</td>
<td>Ozel karakter yok</td>
</tr>
</table>
<p class="totop"><a href="#summary">back to summary</a></p>
<h2 id="m24">cw.tests.Day15.C01_Groups:regressionTest</h2>
<p class="totop"><a href="#summary">back to summary</a></p>
<h2 id="m25">cw.tests.Day14.C04_Enabled:enabledTest</h2>
<p class="totop"><a href="#summary">back to summary</a></p>
<h2 id="m26">cw.tests.Day14.C02_Priority:a</h2>
<p class="totop"><a href="#summary">back to summary</a></p>
<h2 id="m27">cw.tests.Day14.C02_Priority:c</h2>
<p class="totop"><a href="#summary">back to summary</a></p>
<h2 id="m28">cw.tests.Day15.C01_Groups:smokeRegressionTest</h2>
<p class="totop"><a href="#summary">back to summary</a></p>
</body></html>
